0 info it worked if it ends with ok
1 verbose cli [ 'c:\\Program Files\\nodejs\\node.exe',
1 verbose cli   'c:\\Program Files\\nodejs\\node_modules\\npm\\bin\\npm-cli.js',
1 verbose cli   'install' ]
2 info using npm@1.4.9
3 info using node@v0.10.28
4 verbose readDependencies using package.json deps
5 verbose install where, deps [ 'c:\\Users\\Krzyś\\Dev\\Repos\\maziaj',
5 verbose install   [ 'body-parser',
5 verbose install     'bower',
5 verbose install     'cookie-parser',
5 verbose install     'debug',
5 verbose install     'express',
5 verbose install     'jade',
5 verbose install     'less-middleware',
5 verbose install     'morgan',
5 verbose install     'static-favicon' ] ]
6 info preinstall maziaj2@0.0.1
7 verbose readDependencies using package.json deps
8 verbose already installed skipping body-parser@~1.0.0 c:\Users\Krzyś\Dev\Repos\maziaj
9 verbose already installed skipping bower@^1.3.8 c:\Users\Krzyś\Dev\Repos\maziaj
10 verbose already installed skipping cookie-parser@~1.0.1 c:\Users\Krzyś\Dev\Repos\maziaj
11 verbose already installed skipping debug@~0.7.4 c:\Users\Krzyś\Dev\Repos\maziaj
12 verbose already installed skipping express@~4.2.0 c:\Users\Krzyś\Dev\Repos\maziaj
13 verbose already installed skipping jade@~1.3.0 c:\Users\Krzyś\Dev\Repos\maziaj
14 verbose already installed skipping less-middleware@1.0.x c:\Users\Krzyś\Dev\Repos\maziaj
15 verbose already installed skipping morgan@~1.0.0 c:\Users\Krzyś\Dev\Repos\maziaj
16 verbose already installed skipping static-favicon@~1.0.0 c:\Users\Krzyś\Dev\Repos\maziaj
17 silly resolved []
18 info build c:\Users\Krzyś\Dev\Repos\maziaj
19 verbose linkStuff [ false, false, false, 'c:\\Users\\Krzyś\\Dev\\Repos' ]
20 info linkStuff maziaj2@0.0.1
21 verbose linkBins maziaj2@0.0.1
22 verbose linkMans maziaj2@0.0.1
23 verbose rebuildBundles maziaj2@0.0.1
24 verbose rebuildBundles [ '.bin',
24 verbose rebuildBundles   'body-parser',
24 verbose rebuildBundles   'bower',
24 verbose rebuildBundles   'cookie-parser',
24 verbose rebuildBundles   'debug',
24 verbose rebuildBundles   'express',
24 verbose rebuildBundles   'jade',
24 verbose rebuildBundles   'less-middleware',
24 verbose rebuildBundles   'morgan',
24 verbose rebuildBundles   'static-favicon' ]
25 info install maziaj2@0.0.1
26 info postinstall maziaj2@0.0.1
27 verbose unsafe-perm in lifecycle true
28 info maziaj2@0.0.1 Failed to exec postinstall script
29 error maziaj2@0.0.1 postinstall: `node_modules/bower/bin/bower install`
29 error Exit status 1
30 error Failed at the maziaj2@0.0.1 postinstall script.
30 error This is most likely a problem with the maziaj2 package,
30 error not with npm itself.
30 error Tell the author that this fails on your system:
30 error     node_modules/bower/bin/bower install
30 error You can get their info via:
30 error     npm owner ls maziaj2
30 error There is likely additional logging output above.
31 error System Windows_NT 6.1.7601
32 error command "c:\\Program Files\\nodejs\\node.exe" "c:\\Program Files\\nodejs\\node_modules\\npm\\bin\\npm-cli.js" "install"
33 error cwd c:\Users\Krzyś\Dev\Repos\maziaj
34 error node -v v0.10.28
35 error npm -v 1.4.9
36 error code ELIFECYCLE
37 verbose exit [ 1, true ]
